Terminals unused in grammar

    INDENT
    DEDENT
    LPAR
    RPAR
    LESS
    GREATER
    EQUAL
    LBRACE
    RBRACE
    EQEQUAL
    NOTEQUAL
    LESSEQUAL
    GREATEREQUAL
    PLUSEQUAL
    MINEQUAL
    STAREQUAL
    SLASHEQUAL
    PERCENTEQUAL
    AMPEREQUAL
    VBAREQUAL
    CIRCUMFLEXEQUAL
    LEFTSHIFTEQUAL
    RIGHTSHIFTEQUAL
    DOUBLESTAREQUAL
    DOUBLESLASHEQUAL
    ATEQUAL
    RARROW
    ELLIPSIS
    COLONEQUAL
    PYDEF
    RAISE
    DEL
    IMPORT
    ELIF
    IN
    TRY
    IS
    WHILE
    AS
    EXCEPT
    WITH
    ASSERT
    FINALLY
    NONLOCAL
    YIELD
    BREAK
    FOR
    CLASS
    FROM
    CONTINUE
    GLOBAL
    PASS
    OP
    ASYNC
    TYPE_IGNORE
    TYPE_COMMENT
    ERRORTOKEN
    COMMENT
    ENCODING
    EMPTY
    MATCH
    ASSIGNMENT
    DECORATOR


Grammar

    0 $accept: file_input $end

    1 file_input: statements_opt ENDMARKER

    2 statements_opt: ε
    3               | statements

    4 statements: statement
    5           | statements statement

    6 statement: simple_stmts

    7 simple_stmts: semi_simple_stmts_rep semi_opt NEWLINE

    8 semi_opt: ε
    9         | SEMI

   10 semi_simple_stmts_rep: simple_stmt
   11                      | semi_simple_stmts_rep SEMI simple_stmt

   12 simple_stmt: return_stmt
   13            | star_expressions

   14 return_stmt: RETURN star_expressions_opt

   15 star_expressions_opt: ε
   16                     | star_expressions

   17 star_expressions: star_expression comma_star_expr_rep comma_opt
   18                 | star_expression COMMA
   19                 | star_expression

   20 comma_star_expr_rep: COMMA star_expression
   21                    | comma_star_expr_rep COMMA star_expression

   22 star_expression: STAR bitwise_or
   23                | expression

   24 expression: disjunction IF disjunction ELSE expression
   25           | disjunction
   26           | lambdef

   27 disjunction: conjunction or_conjunction_rep
   28            | conjunction

   29 or_conjunction_rep: OR conjunction
   30                   | or_conjunction_rep OR conjunction

   31 conjunction: inversion and_inversion_rep
   32            | inversion

   33 and_inversion_rep: AND inversion
   34                  | and_inversion_rep AND inversion

   35 inversion: NOT inversion
   36          | comparison

   37 comparison: bitwise_or

   38 atom: NAME
   39     | PYTRUE
   40     | PYFALSE
   41     | NONE
   42     | strings
   43     | INTLIT
   44     | FLOATLIT
   45     | list

   46 strings: STRINGLIT
   47        | strings STRINGLIT

   48 list: LSQB star_named_expressions_opt RSQB

   49 star_named_expressions_opt: ε
   50                           | star_named_expressions

   51 comma_opt: ε
   52          | COMMA

   53 star_named_expressions: star_named_expression comma_sne_rep comma_opt

   54 comma_sne_rep: ε
   55              | comma_sne_rep COMMA star_named_expression

   56 star_named_expression: STAR bitwise_or
   57                      | expression

   58 bitwise_or: bitwise_or VBAR bitwise_xor
   59           | bitwise_xor

   60 bitwise_xor: bitwise_xor CIRCUMFLEX bitwise_and
   61            | bitwise_and

   62 bitwise_and: bitwise_and AMPER shift_expr
   63            | shift_expr

   64 shift_expr: shift_expr LEFTSHIFT sum
   65           | shift_expr RIGHTSHIFT sum
   66           | sum

   67 sum: sum PLUS term
   68    | sum MINUS term
   69    | term

   70 term: term STAR factor
   71     | term SLASH factor
   72     | term DOUBLESLASH factor
   73     | term PERCENT factor
   74     | term AT factor
   75     | factor

   76 factor: PLUS factor
   77       | MINUS factor
   78       | TILDE factor
   79       | power

   80 power: await_primary DOUBLESTAR factor
   81      | await_primary

   82 await_primary: AWAIT primary
   83              | primary

   84 primary: primary DOT NAME
   85        | atom

   86 lambdef: LAMBDA lambda_params_opt COLON expression

   87 lambda_params_opt: ε
   88                  | lambda_params comma_opt

   89 lambda_params: NAME
   90              | lambda_params COMMA NAME


Terminals, with rules where they appear

    $end (0) 0
    error (256)
    FLOATLIT <treeptr> (258) 44
    ENDMARKER <treeptr> (259) 1
    NAME <treeptr> (260) 38 84 89 90
    INTLIT <treeptr> (261) 43
    STRINGLIT <treeptr> (262) 46 47
    NEWLINE <treeptr> (263) 7
    INDENT <treeptr> (264)
    DEDENT <treeptr> (265)
    LPAR <treeptr> (266)
    RPAR <treeptr> (267)
    LSQB <treeptr> (268) 48
    RSQB <treeptr> (269) 48
    COLON <treeptr> (270) 86
    COMMA <treeptr> (271) 18 20 21 52 55 90
    SEMI <treeptr> (272) 9 11
    PLUS <treeptr> (273) 67 76
    MINUS <treeptr> (274) 68 77
    STAR <treeptr> (275) 22 56 70
    SLASH <treeptr> (276) 71
    VBAR <treeptr> (277) 58
    AMPER <treeptr> (278) 62
    LESS <treeptr> (279)
    GREATER <treeptr> (280)
    EQUAL <treeptr> (281)
    DOT <treeptr> (282) 84
    PERCENT <treeptr> (283) 73
    LBRACE <treeptr> (284)
    RBRACE <treeptr> (285)
    EQEQUAL <treeptr> (286)
    NOTEQUAL <treeptr> (287)
    LESSEQUAL <treeptr> (288)
    GREATEREQUAL <treeptr> (289)
    TILDE <treeptr> (290) 78
    CIRCUMFLEX <treeptr> (291) 60
    LEFTSHIFT <treeptr> (292) 64
    RIGHTSHIFT <treeptr> (293) 65
    DOUBLESTAR <treeptr> (294) 80
    PLUSEQUAL <treeptr> (295)
    MINEQUAL <treeptr> (296)
    STAREQUAL <treeptr> (297)
    SLASHEQUAL <treeptr> (298)
    PERCENTEQUAL <treeptr> (299)
    AMPEREQUAL <treeptr> (300)
    VBAREQUAL <treeptr> (301)
    CIRCUMFLEXEQUAL <treeptr> (302)
    LEFTSHIFTEQUAL <treeptr> (303)
    RIGHTSHIFTEQUAL <treeptr> (304)
    DOUBLESTAREQUAL <treeptr> (305)
    DOUBLESLASH <treeptr> (306) 72
    DOUBLESLASHEQUAL <treeptr> (307)
    AT <treeptr> (308) 74
    ATEQUAL <treeptr> (309)
    RARROW <treeptr> (310)
    ELLIPSIS <treeptr> (311)
    COLONEQUAL <treeptr> (312)
    PYFALSE <treeptr> (313) 40
    PYDEF <treeptr> (314)
    IF <treeptr> (315) 24
    RAISE <treeptr> (316)
    NONE <treeptr> (317) 41
    DEL <treeptr> (318)
    IMPORT <treeptr> (319)
    RETURN <treeptr> (320) 14
    PYTRUE <treeptr> (321) 39
    ELIF <treeptr> (322)
    IN <treeptr> (323)
    TRY <treeptr> (324)
    AND <treeptr> (325) 33 34
    ELSE <treeptr> (326) 24
    IS <treeptr> (327)
    WHILE <treeptr> (328)
    AS <treeptr> (329)
    EXCEPT <treeptr> (330)
    LAMBDA <treeptr> (331) 86
    WITH <treeptr> (332)
    ASSERT <treeptr> (333)
    FINALLY <treeptr> (334)
    NONLOCAL <treeptr> (335)
    YIELD <treeptr> (336)
    BREAK <treeptr> (337)
    FOR <treeptr> (338)
    NOT <treeptr> (339) 35
    CLASS <treeptr> (340)
    FROM <treeptr> (341)
    OR <treeptr> (342) 29 30
    CONTINUE <treeptr> (343)
    GLOBAL <treeptr> (344)
    PASS <treeptr> (345)
    OP <treeptr> (346)
    AWAIT <treeptr> (347) 82
    ASYNC <treeptr> (348)
    TYPE_IGNORE <treeptr> (349)
    TYPE_COMMENT <treeptr> (350)
    ERRORTOKEN <treeptr> (351)
    COMMENT <treeptr> (352)
    ENCODING <treeptr> (353)
    EMPTY <treeptr> (354)
    MATCH <treeptr> (355)
    ASSIGNMENT <treeptr> (356)
    DECORATOR <treeptr> (357)


Nonterminals, with rules where they appear

    $accept (103)
        on left: 0
    file_input (104)
        on left: 1
        on right: 0
    statements_opt (105)
        on left: 2 3
        on right: 1
    statements (106)
        on left: 4 5
        on right: 3 5
    statement (107)
        on left: 6
        on right: 4 5
    simple_stmts (108)
        on left: 7
        on right: 6
    semi_opt (109)
        on left: 8 9
        on right: 7
    semi_simple_stmts_rep (110)
        on left: 10 11
        on right: 7 11
    simple_stmt (111)
        on left: 12 13
        on right: 10 11
    return_stmt (112)
        on left: 14
        on right: 12
    star_expressions_opt (113)
        on left: 15 16
        on right: 14
    star_expressions (114)
        on left: 17 18 19
        on right: 13 16
    comma_star_expr_rep (115)
        on left: 20 21
        on right: 17 21
    star_expression (116)
        on left: 22 23
        on right: 17 18 19 20 21
    expression (117)
        on left: 24 25 26
        on right: 23 24 57 86
    disjunction (118)
        on left: 27 28
        on right: 24 25
    or_conjunction_rep (119)
        on left: 29 30
        on right: 27 30
    conjunction (120)
        on left: 31 32
        on right: 27 28 29 30
    and_inversion_rep (121)
        on left: 33 34
        on right: 31 34
    inversion (122)
        on left: 35 36
        on right: 31 32 33 34 35
    comparison (123)
        on left: 37
        on right: 36
    atom (124)
        on left: 38 39 40 41 42 43 44 45
        on right: 85
    strings (125)
        on left: 46 47
        on right: 42 47
    list (126)
        on left: 48
        on right: 45
    star_named_expressions_opt (127)
        on left: 49 50
        on right: 48
    comma_opt (128)
        on left: 51 52
        on right: 17 53 88
    star_named_expressions (129)
        on left: 53
        on right: 50
    comma_sne_rep (130)
        on left: 54 55
        on right: 53 55
    star_named_expression (131)
        on left: 56 57
        on right: 53 55
    bitwise_or (132)
        on left: 58 59
        on right: 22 37 56 58
    bitwise_xor (133)
        on left: 60 61
        on right: 58 59 60
    bitwise_and (134)
        on left: 62 63
        on right: 60 61 62
    shift_expr (135)
        on left: 64 65 66
        on right: 62 63 64 65
    sum (136)
        on left: 67 68 69
        on right: 64 65 66 67 68
    term (137)
        on left: 70 71 72 73 74 75
        on right: 67 68 69 70 71 72 73 74
    factor (138)
        on left: 76 77 78 79
        on right: 70 71 72 73 74 75 76 77 78 80
    power (139)
        on left: 80 81
        on right: 79
    await_primary (140)
        on left: 82 83
        on right: 80 81
    primary (141)
        on left: 84 85
        on right: 82 83 84
    lambdef (142)
        on left: 86
        on right: 26
    lambda_params_opt (143)
        on left: 87 88
        on right: 86
    lambda_params (144)
        on left: 89 90
        on right: 88 90


State 0

    0 $accept: • file_input $end

    FLOATLIT   shift, and go to state 1
    NAME       shift, and go to state 2
    INTLIT     shift, and go to state 3
    STRINGLIT  shift, and go to state 4
    LSQB       shift, and go to state 5
    PLUS       shift, and go to state 6
    MINUS      shift, and go to state 7
    STAR       shift, and go to state 8
    TILDE      shift, and go to state 9
    PYFALSE    shift, and go to state 10
    NONE       shift, and go to state 11
    RETURN     shift, and go to state 12
    PYTRUE     shift, and go to state 13
    LAMBDA     shift, and go to state 14
    NOT        shift, and go to state 15
    AWAIT      shift, and go to state 16

    $default  reduce using rule 2 (statements_opt)

    file_input             go to state 17
    statements_opt         go to state 18
    statements             go to state 19
    statement              go to state 20
    simple_stmts           go to state 21
    semi_simple_stmts_rep  go to state 22
    simple_stmt            go to state 23
    return_stmt            go to state 24
    star_expressions       go to state 25
    star_expression        go to state 26
    expression             go to state 27
    disjunction            go to state 28
    conjunction            go to state 29
    inversion              go to state 30
    comparison             go to state 31
    atom                   go to state 32
    strings                go to state 33
    list                   go to state 34
    bitwise_or             go to state 35
    bitwise_xor            go to state 36
    bitwise_and            go to state 37
    shift_expr             go to state 38
    sum                    go to state 39
    term                   go to state 40
    factor                 go to state 41
    power                  go to state 42
    await_primary          go to state 43
    primary                go to state 44
    lambdef                go to state 45


State 1

   44 atom: FLOATLIT •

    $default  reduce using rule 44 (atom)


State 2

   38 atom: NAME •

    $default  reduce using rule 38 (atom)


State 3

   43 atom: INTLIT •

    $default  reduce using rule 43 (atom)


State 4

   46 strings: STRINGLIT •

    $default  reduce using rule 46 (strings)


State 5

   48 list: LSQB • star_named_expressions_opt RSQB

    FLOATLIT   shift, and go to state 1
    NAME       shift, and go to state 2
    INTLIT     shift, and go to state 3
    STRINGLIT  shift, and go to state 4
    LSQB       shift, and go to state 5
    PLUS       shift, and go to state 6
    MINUS      shift, and go to state 7
    STAR       shift, and go to state 46
    TILDE      shift, and go to state 9
    PYFALSE    shift, and go to state 10
    NONE       shift, and go to state 11
    PYTRUE     shift, and go to state 13
    LAMBDA     shift, and go to state 14
    NOT        shift, and go to state 15
    AWAIT      shift, and go to state 16

    $default  reduce using rule 49 (star_named_expressions_opt)

    expression                  go to state 47
    disjunction                 go to state 28
    conjunction                 go to state 29
    inversion                   go to state 30
    comparison                  go to state 31
    atom                        go to state 32
    strings                     go to state 33
    list                        go to state 34
    star_named_expressions_opt  go to state 48
    star_named_expressions      go to state 49
    star_named_expression       go to state 50
    bitwise_or                  go to state 35
    bitwise_xor                 go to state 36
    bitwise_and                 go to state 37
    shift_expr                  go to state 38
    sum                         go to state 39
    term                        go to state 40
    factor                      go to state 41
    power                       go to state 42
    await_primary               go to state 43
    primary                     go to state 44
    lambdef                     go to state 45


State 6

   76 factor: PLUS • factor

    FLOATLIT   shift, and go to state 1
    NAME       shift, and go to state 2
    INTLIT     shift, and go to state 3
    STRINGLIT  shift, and go to state 4
    LSQB       shift, and go to state 5
    PLUS       shift, and go to state 6
    MINUS      shift, and go to state 7
    TILDE      shift, and go to state 9
    PYFALSE    shift, and go to state 10
    NONE       shift, and go to state 11
    PYTRUE     shift, and go to state 13
    AWAIT      shift, and go to state 16

    atom           go to state 32
    strings        go to state 33
    list           go to state 34
    factor         go to state 51
    power          go to state 42
    await_primary  go to state 43
    primary        go to state 44


State 7

   77 factor: MINUS • factor

    FLOATLIT   shift, and go to state 1
    NAME       shift, and go to state 2
    INTLIT     shift, and go to state 3
    STRINGLIT  shift, and go to state 4
    LSQB       shift, and go to state 5
    PLUS       shift, and go to state 6
    MINUS      shift, and go to state 7
    TILDE      shift, and go to state 9
    PYFALSE    shift, and go to state 10
    NONE       shift, and go to state 11
    PYTRUE     shift, and go to state 13
    AWAIT      shift, and go to state 16

    atom           go to state 32
    strings        go to state 33
    list           go to state 34
    factor         go to state 52
    power          go to state 42
    await_primary  go to state 43
    primary        go to state 44


State 8

   22 star_expression: STAR • bitwise_or

    FLOATLIT   shift, and go to state 1
    NAME       shift, and go to state 2
    INTLIT     shift, and go to state 3
    STRINGLIT  shift, and go to state 4
    LSQB       shift, and go to state 5
    PLUS       shift, and go to state 6
    MINUS      shift, and go to state 7
    TILDE      shift, and go to state 9
    PYFALSE    shift, and go to state 10
    NONE       shift, and go to state 11
    PYTRUE     shift, and go to state 13
    AWAIT      shift, and go to state 16

    atom           go to state 32
    strings        go to state 33
    list           go to state 34
    bitwise_or     go to state 53
    bitwise_xor    go to state 36
    bitwise_and    go to state 37
    shift_expr     go to state 38
    sum            go to state 39
    term           go to state 40
    factor         go to state 41
    power          go to state 42
    await_primary  go to state 43
    primary        go to state 44


State 9

   78 factor: TILDE • factor

    FLOATLIT   shift, and go to state 1
    NAME       shift, and go to state 2
    INTLIT     shift, and go to state 3
    STRINGLIT  shift, and go to state 4
    LSQB       shift, and go to state 5
    PLUS       shift, and go to state 6
    MINUS      shift, and go to state 7
    TILDE      shift, and go to state 9
    PYFALSE    shift, and go to state 10
    NONE       shift, and go to state 11
    PYTRUE     shift, and go to state 13
    AWAIT      shift, and go to state 16

    atom           go to state 32
    strings        go to state 33
    list           go to state 34
    factor         go to state 54
    power          go to state 42
    await_primary  go to state 43
    primary        go to state 44


State 10

   40 atom: PYFALSE •

    $default  reduce using rule 40 (atom)


State 11

   41 atom: NONE •

    $default  reduce using rule 41 (atom)


State 12

   14 return_stmt: RETURN • star_expressions_opt

    FLOATLIT   shift, and go to state 1
    NAME       shift, and go to state 2
    INTLIT     shift, and go to state 3
    STRINGLIT  shift, and go to state 4
    LSQB       shift, and go to state 5
    PLUS       shift, and go to state 6
    MINUS      shift, and go to state 7
    STAR       shift, and go to state 8
    TILDE      shift, and go to state 9
    PYFALSE    shift, and go to state 10
    NONE       shift, and go to state 11
    PYTRUE     shift, and go to state 13
    LAMBDA     shift, and go to state 14
    NOT        shift, and go to state 15
    AWAIT      shift, and go to state 16

    $default  reduce using rule 15 (star_expressions_opt)

    star_expressions_opt  go to state 55
    star_expressions      go to state 56
    star_expression       go to state 26
    expression            go to state 27
    disjunction           go to state 28
    conjunction           go to state 29
    inversion             go to state 30
    comparison            go to state 31
    atom                  go to state 32
    strings               go to state 33
    list                  go to state 34
    bitwise_or            go to state 35
    bitwise_xor           go to state 36
    bitwise_and           go to state 37
    shift_expr            go to state 38
    sum                   go to state 39
    term                  go to state 40
    factor                go to state 41
    power                 go to state 42
    await_primary         go to state 43
    primary               go to state 44
    lambdef               go to state 45


State 13

   39 atom: PYTRUE •

    $default  reduce using rule 39 (atom)


State 14

   86 lambdef: LAMBDA • lambda_params_opt COLON expression

    NAME  shift, and go to state 57

    $default  reduce using rule 87 (lambda_params_opt)

    lambda_params_opt  go to state 58
    lambda_params      go to state 59


State 15

   35 inversion: NOT • inversion

    FLOATLIT   shift, and go to state 1
    NAME       shift, and go to state 2
    INTLIT     shift, and go to state 3
    STRINGLIT  shift, and go to state 4
    LSQB       shift, and go to state 5
    PLUS       shift, and go to state 6
    MINUS      shift, and go to state 7
    TILDE      shift, and go to state 9
    PYFALSE    shift, and go to state 10
    NONE       shift, and go to state 11
    PYTRUE     shift, and go to state 13
    NOT        shift, and go to state 15
    AWAIT      shift, and go to state 16

    inversion      go to state 60
    comparison     go to state 31
    atom           go to state 32
    strings        go to state 33
    list           go to state 34
    bitwise_or     go to state 35
    bitwise_xor    go to state 36
    bitwise_and    go to state 37
    shift_expr     go to state 38
    sum            go to state 39
    term           go to state 40
    factor         go to state 41
    power          go to state 42
    await_primary  go to state 43
    primary        go to state 44


State 16

   82 await_primary: AWAIT • primary

    FLOATLIT   shift, and go to state 1
    NAME       shift, and go to state 2
    INTLIT     shift, and go to state 3
    STRINGLIT  shift, and go to state 4
    LSQB       shift, and go to state 5
    PYFALSE    shift, and go to state 10
    NONE       shift, and go to state 11
    PYTRUE     shift, and go to state 13

    atom     go to state 32
    strings  go to state 33
    list     go to state 34
    primary  go to state 61


State 17

    0 $accept: file_input • $end

    $end  shift, and go to state 62


State 18

    1 file_input: statements_opt • ENDMARKER

    ENDMARKER  shift, and go to state 63


State 19

    3 statements_opt: statements •
    5 statements: statements • statement

    FLOATLIT   shift, and go to state 1
    NAME       shift, and go to state 2
    INTLIT     shift, and go to state 3
    STRINGLIT  shift, and go to state 4
    LSQB       shift, and go to state 5
    PLUS       shift, and go to state 6
    MINUS      shift, and go to state 7
    STAR       shift, and go to state 8
    TILDE      shift, and go to state 9
    PYFALSE    shift, and go to state 10
    NONE       shift, and go to state 11
    RETURN     shift, and go to state 12
    PYTRUE     shift, and go to state 13
    LAMBDA     shift, and go to state 14
    NOT        shift, and go to state 15
    AWAIT      shift, and go to state 16

    $default  reduce using rule 3 (statements_opt)

    statement              go to state 64
    simple_stmts           go to state 21
    semi_simple_stmts_rep  go to state 22
    simple_stmt            go to state 23
    return_stmt            go to state 24
    star_expressions       go to state 25
    star_expression        go to state 26
    expression             go to state 27
    disjunction            go to state 28
    conjunction            go to state 29
    inversion              go to state 30
    comparison             go to state 31
    atom                   go to state 32
    strings                go to state 33
    list                   go to state 34
    bitwise_or             go to state 35
    bitwise_xor            go to state 36
    bitwise_and            go to state 37
    shift_expr             go to state 38
    sum                    go to state 39
    term                   go to state 40
    factor                 go to state 41
    power                  go to state 42
    await_primary          go to state 43
    primary                go to state 44
    lambdef                go to state 45


State 20

    4 statements: statement •

    $default  reduce using rule 4 (statements)


State 21

    6 statement: simple_stmts •

    $default  reduce using rule 6 (statement)


State 22

    7 simple_stmts: semi_simple_stmts_rep • semi_opt NEWLINE
   11 semi_simple_stmts_rep: semi_simple_stmts_rep • SEMI simple_stmt

    SEMI  shift, and go to state 65

    $default  reduce using rule 8 (semi_opt)

    semi_opt  go to state 66


State 23

   10 semi_simple_stmts_rep: simple_stmt •

    $default  reduce using rule 10 (semi_simple_stmts_rep)


State 24

   12 simple_stmt: return_stmt •

    $default  reduce using rule 12 (simple_stmt)


State 25

   13 simple_stmt: star_expressions •

    $default  reduce using rule 13 (simple_stmt)


State 26

   17 star_expressions: star_expression • comma_star_expr_rep comma_opt
   18                 | star_expression • COMMA
   19                 | star_expression •

    COMMA  shift, and go to state 67

    $default  reduce using rule 19 (star_expressions)

    comma_star_expr_rep  go to state 68


State 27

   23 star_expression: expression •

    $default  reduce using rule 23 (star_expression)


State 28

   24 expression: disjunction • IF disjunction ELSE expression
   25           | disjunction •

    IF  shift, and go to state 69

    $default  reduce using rule 25 (expression)


State 29

   27 disjunction: conjunction • or_conjunction_rep
   28            | conjunction •

    OR  shift, and go to state 70

    $default  reduce using rule 28 (disjunction)

    or_conjunction_rep  go to state 71


State 30

   31 conjunction: inversion • and_inversion_rep
   32            | inversion •

    AND  shift, and go to state 72

    $default  reduce using rule 32 (conjunction)

    and_inversion_rep  go to state 73


State 31

   36 inversion: comparison •

    $default  reduce using rule 36 (inversion)


State 32

   85 primary: atom •

    $default  reduce using rule 85 (primary)


State 33

   42 atom: strings •
   47 strings: strings • STRINGLIT

    STRINGLIT  shift, and go to state 74

    $default  reduce using rule 42 (atom)


State 34

   45 atom: list •

    $default  reduce using rule 45 (atom)


State 35

   37 comparison: bitwise_or •
   58 bitwise_or: bitwise_or • VBAR bitwise_xor

    VBAR  shift, and go to state 75

    $default  reduce using rule 37 (comparison)


State 36

   59 bitwise_or: bitwise_xor •
   60 bitwise_xor: bitwise_xor • CIRCUMFLEX bitwise_and

    CIRCUMFLEX  shift, and go to state 76

    $default  reduce using rule 59 (bitwise_or)


State 37

   61 bitwise_xor: bitwise_and •
   62 bitwise_and: bitwise_and • AMPER shift_expr

    AMPER  shift, and go to state 77

    $default  reduce using rule 61 (bitwise_xor)


State 38

   63 bitwise_and: shift_expr •
   64 shift_expr: shift_expr • LEFTSHIFT sum
   65           | shift_expr • RIGHTSHIFT sum

    LEFTSHIFT   shift, and go to state 78
    RIGHTSHIFT  shift, and go to state 79

    $default  reduce using rule 63 (bitwise_and)


State 39

   66 shift_expr: sum •
   67 sum: sum • PLUS term
   68    | sum • MINUS term

    PLUS   shift, and go to state 80
    MINUS  shift, and go to state 81

    $default  reduce using rule 66 (shift_expr)


State 40

   69 sum: term •
   70 term: term • STAR factor
   71     | term • SLASH factor
   72     | term • DOUBLESLASH factor
   73     | term • PERCENT factor
   74     | term • AT factor

    STAR         shift, and go to state 82
    SLASH        shift, and go to state 83
    PERCENT      shift, and go to state 84
    DOUBLESLASH  shift, and go to state 85
    AT           shift, and go to state 86

    $default  reduce using rule 69 (sum)


State 41

   75 term: factor •

    $default  reduce using rule 75 (term)


State 42

   79 factor: power •

    $default  reduce using rule 79 (factor)


State 43

   80 power: await_primary • DOUBLESTAR factor
   81      | await_primary •

    DOUBLESTAR  shift, and go to state 87

    $default  reduce using rule 81 (power)


State 44

   83 await_primary: primary •
   84 primary: primary • DOT NAME

    DOT  shift, and go to state 88

    $default  reduce using rule 83 (await_primary)


State 45

   26 expression: lambdef •

    $default  reduce using rule 26 (expression)


State 46

   56 star_named_expression: STAR • bitwise_or

    FLOATLIT   shift, and go to state 1
    NAME       shift, and go to state 2
    INTLIT     shift, and go to state 3
    STRINGLIT  shift, and go to state 4
    LSQB       shift, and go to state 5
    PLUS       shift, and go to state 6
    MINUS      shift, and go to state 7
    TILDE      shift, and go to state 9
    PYFALSE    shift, and go to state 10
    NONE       shift, and go to state 11
    PYTRUE     shift, and go to state 13
    AWAIT      shift, and go to state 16

    atom           go to state 32
    strings        go to state 33
    list           go to state 34
    bitwise_or     go to state 89
    bitwise_xor    go to state 36
    bitwise_and    go to state 37
    shift_expr     go to state 38
    sum            go to state 39
    term           go to state 40
    factor         go to state 41
    power          go to state 42
    await_primary  go to state 43
    primary        go to state 44


State 47

   57 star_named_expression: expression •

    $default  reduce using rule 57 (star_named_expression)


State 48

   48 list: LSQB star_named_expressions_opt • RSQB

    RSQB  shift, and go to state 90


State 49

   50 star_named_expressions_opt: star_named_expressions •

    $default  reduce using rule 50 (star_named_expressions_opt)


State 50

   53 star_named_expressions: star_named_expression • comma_sne_rep comma_opt

    $default  reduce using rule 54 (comma_sne_rep)

    comma_sne_rep  go to state 91


State 51

   76 factor: PLUS factor •

    $default  reduce using rule 76 (factor)


State 52

   77 factor: MINUS factor •

    $default  reduce using rule 77 (factor)


State 53

   22 star_expression: STAR bitwise_or •
   58 bitwise_or: bitwise_or • VBAR bitwise_xor

    VBAR  shift, and go to state 75

    $default  reduce using rule 22 (star_expression)


State 54

   78 factor: TILDE factor •

    $default  reduce using rule 78 (factor)


State 55

   14 return_stmt: RETURN star_expressions_opt •

    $default  reduce using rule 14 (return_stmt)


State 56

   16 star_expressions_opt: star_expressions •

    $default  reduce using rule 16 (star_expressions_opt)


State 57

   89 lambda_params: NAME •

    $default  reduce using rule 89 (lambda_params)


State 58

   86 lambdef: LAMBDA lambda_params_opt • COLON expression

    COLON  shift, and go to state 92


State 59

   88 lambda_params_opt: lambda_params • comma_opt
   90 lambda_params: lambda_params • COMMA NAME

    COMMA  shift, and go to state 93

    $default  reduce using rule 51 (comma_opt)

    comma_opt  go to state 94


State 60

   35 inversion: NOT inversion •

    $default  reduce using rule 35 (inversion)


State 61

   82 await_primary: AWAIT primary •
   84 primary: primary • DOT NAME

    DOT  shift, and go to state 88

    $default  reduce using rule 82 (await_primary)


State 62

    0 $accept: file_input $end •

    $default  accept


State 63

    1 file_input: statements_opt ENDMARKER •

    $default  reduce using rule 1 (file_input)


State 64

    5 statements: statements statement •

    $default  reduce using rule 5 (statements)


State 65

    9 semi_opt: SEMI •
   11 semi_simple_stmts_rep: semi_simple_stmts_rep SEMI • simple_stmt

    FLOATLIT   shift, and go to state 1
    NAME       shift, and go to state 2
    INTLIT     shift, and go to state 3
    STRINGLIT  shift, and go to state 4
    LSQB       shift, and go to state 5
    PLUS       shift, and go to state 6
    MINUS      shift, and go to state 7
    STAR       shift, and go to state 8
    TILDE      shift, and go to state 9
    PYFALSE    shift, and go to state 10
    NONE       shift, and go to state 11
    RETURN     shift, and go to state 12
    PYTRUE     shift, and go to state 13
    LAMBDA     shift, and go to state 14
    NOT        shift, and go to state 15
    AWAIT      shift, and go to state 16

    $default  reduce using rule 9 (semi_opt)

    simple_stmt       go to state 95
    return_stmt       go to state 24
    star_expressions  go to state 25
    star_expression   go to state 26
    expression        go to state 27
    disjunction       go to state 28
    conjunction       go to state 29
    inversion         go to state 30
    comparison        go to state 31
    atom              go to state 32
    strings           go to state 33
    list              go to state 34
    bitwise_or        go to state 35
    bitwise_xor       go to state 36
    bitwise_and       go to state 37
    shift_expr        go to state 38
    sum               go to state 39
    term              go to state 40
    factor            go to state 41
    power             go to state 42
    await_primary     go to state 43
    primary           go to state 44
    lambdef           go to state 45


State 66

    7 simple_stmts: semi_simple_stmts_rep semi_opt • NEWLINE

    NEWLINE  shift, and go to state 96


State 67

   18 star_expressions: star_expression COMMA •
   20 comma_star_expr_rep: COMMA • star_expression

    FLOATLIT   shift, and go to state 1
    NAME       shift, and go to state 2
    INTLIT     shift, and go to state 3
    STRINGLIT  shift, and go to state 4
    LSQB       shift, and go to state 5
    PLUS       shift, and go to state 6
    MINUS      shift, and go to state 7
    STAR       shift, and go to state 8
    TILDE      shift, and go to state 9
    PYFALSE    shift, and go to state 10
    NONE       shift, and go to state 11
    PYTRUE     shift, and go to state 13
    LAMBDA     shift, and go to state 14
    NOT        shift, and go to state 15
    AWAIT      shift, and go to state 16

    $default  reduce using rule 18 (star_expressions)

    star_expression  go to state 97
    expression       go to state 27
    disjunction      go to state 28
    conjunction      go to state 29
    inversion        go to state 30
    comparison       go to state 31
    atom             go to state 32
    strings          go to state 33
    list             go to state 34
    bitwise_or       go to state 35
    bitwise_xor      go to state 36
    bitwise_and      go to state 37
    shift_expr       go to state 38
    sum              go to state 39
    term             go to state 40
    factor           go to state 41
    power            go to state 42
    await_primary    go to state 43
    primary          go to state 44
    lambdef          go to state 45


State 68

   17 star_expressions: star_expression comma_star_expr_rep • comma_opt
   21 comma_star_expr_rep: comma_star_expr_rep • COMMA star_expression

    COMMA  shift, and go to state 98

    $default  reduce using rule 51 (comma_opt)

    comma_opt  go to state 99


State 69

   24 expression: disjunction IF • disjunction ELSE expression

    FLOATLIT   shift, and go to state 1
    NAME       shift, and go to state 2
    INTLIT     shift, and go to state 3
    STRINGLIT  shift, and go to state 4
    LSQB       shift, and go to state 5
    PLUS       shift, and go to state 6
    MINUS      shift, and go to state 7
    TILDE      shift, and go to state 9
    PYFALSE    shift, and go to state 10
    NONE       shift, and go to state 11
    PYTRUE     shift, and go to state 13
    NOT        shift, and go to state 15
    AWAIT      shift, and go to state 16

    disjunction    go to state 100
    conjunction    go to state 29
    inversion      go to state 30
    comparison     go to state 31
    atom           go to state 32
    strings        go to state 33
    list           go to state 34
    bitwise_or     go to state 35
    bitwise_xor    go to state 36
    bitwise_and    go to state 37
    shift_expr     go to state 38
    sum            go to state 39
    term           go to state 40
    factor         go to state 41
    power          go to state 42
    await_primary  go to state 43
    primary        go to state 44


State 70

   29 or_conjunction_rep: OR • conjunction

    FLOATLIT   shift, and go to state 1
    NAME       shift, and go to state 2
    INTLIT     shift, and go to state 3
    STRINGLIT  shift, and go to state 4
    LSQB       shift, and go to state 5
    PLUS       shift, and go to state 6
    MINUS      shift, and go to state 7
    TILDE      shift, and go to state 9
    PYFALSE    shift, and go to state 10
    NONE       shift, and go to state 11
    PYTRUE     shift, and go to state 13
    NOT        shift, and go to state 15
    AWAIT      shift, and go to state 16

    conjunction    go to state 101
    inversion      go to state 30
    comparison     go to state 31
    atom           go to state 32
    strings        go to state 33
    list           go to state 34
    bitwise_or     go to state 35
    bitwise_xor    go to state 36
    bitwise_and    go to state 37
    shift_expr     go to state 38
    sum            go to state 39
    term           go to state 40
    factor         go to state 41
    power          go to state 42
    await_primary  go to state 43
    primary        go to state 44


State 71

   27 disjunction: conjunction or_conjunction_rep •
   30 or_conjunction_rep: or_conjunction_rep • OR conjunction

    OR  shift, and go to state 102

    $default  reduce using rule 27 (disjunction)


State 72

   33 and_inversion_rep: AND • inversion

    FLOATLIT   shift, and go to state 1
    NAME       shift, and go to state 2
    INTLIT     shift, and go to state 3
    STRINGLIT  shift, and go to state 4
    LSQB       shift, and go to state 5
    PLUS       shift, and go to state 6
    MINUS      shift, and go to state 7
    TILDE      shift, and go to state 9
    PYFALSE    shift, and go to state 10
    NONE       shift, and go to state 11
    PYTRUE     shift, and go to state 13
    NOT        shift, and go to state 15
    AWAIT      shift, and go to state 16

    inversion      go to state 103
    comparison     go to state 31
    atom           go to state 32
    strings        go to state 33
    list           go to state 34
    bitwise_or     go to state 35
    bitwise_xor    go to state 36
    bitwise_and    go to state 37
    shift_expr     go to state 38
    sum            go to state 39
    term           go to state 40
    factor         go to state 41
    power          go to state 42
    await_primary  go to state 43
    primary        go to state 44


State 73

   31 conjunction: inversion and_inversion_rep •
   34 and_inversion_rep: and_inversion_rep • AND inversion

    AND  shift, and go to state 104

    $default  reduce using rule 31 (conjunction)


State 74

   47 strings: strings STRINGLIT •

    $default  reduce using rule 47 (strings)


State 75

   58 bitwise_or: bitwise_or VBAR • bitwise_xor

    FLOATLIT   shift, and go to state 1
    NAME       shift, and go to state 2
    INTLIT     shift, and go to state 3
    STRINGLIT  shift, and go to state 4
    LSQB       shift, and go to state 5
    PLUS       shift, and go to state 6
    MINUS      shift, and go to state 7
    TILDE      shift, and go to state 9
    PYFALSE    shift, and go to state 10
    NONE       shift, and go to state 11
    PYTRUE     shift, and go to state 13
    AWAIT      shift, and go to state 16

    atom           go to state 32
    strings        go to state 33
    list           go to state 34
    bitwise_xor    go to state 105
    bitwise_and    go to state 37
    shift_expr     go to state 38
    sum            go to state 39
    term           go to state 40
    factor         go to state 41
    power          go to state 42
    await_primary  go to state 43
    primary        go to state 44


State 76

   60 bitwise_xor: bitwise_xor CIRCUMFLEX • bitwise_and

    FLOATLIT   shift, and go to state 1
    NAME       shift, and go to state 2
    INTLIT     shift, and go to state 3
    STRINGLIT  shift, and go to state 4
    LSQB       shift, and go to state 5
    PLUS       shift, and go to state 6
    MINUS      shift, and go to state 7
    TILDE      shift, and go to state 9
    PYFALSE    shift, and go to state 10
    NONE       shift, and go to state 11
    PYTRUE     shift, and go to state 13
    AWAIT      shift, and go to state 16

    atom           go to state 32
    strings        go to state 33
    list           go to state 34
    bitwise_and    go to state 106
    shift_expr     go to state 38
    sum            go to state 39
    term           go to state 40
    factor         go to state 41
    power          go to state 42
    await_primary  go to state 43
    primary        go to state 44


State 77

   62 bitwise_and: bitwise_and AMPER • shift_expr

    FLOATLIT   shift, and go to state 1
    NAME       shift, and go to state 2
    INTLIT     shift, and go to state 3
    STRINGLIT  shift, and go to state 4
    LSQB       shift, and go to state 5
    PLUS       shift, and go to state 6
    MINUS      shift, and go to state 7
    TILDE      shift, and go to state 9
    PYFALSE    shift, and go to state 10
    NONE       shift, and go to state 11
    PYTRUE     shift, and go to state 13
    AWAIT      shift, and go to state 16

    atom           go to state 32
    strings        go to state 33
    list           go to state 34
    shift_expr     go to state 107
    sum            go to state 39
    term           go to state 40
    factor         go to state 41
    power          go to state 42
    await_primary  go to state 43
    primary        go to state 44


State 78

   64 shift_expr: shift_expr LEFTSHIFT • sum

    FLOATLIT   shift, and go to state 1
    NAME       shift, and go to state 2
    INTLIT     shift, and go to state 3
    STRINGLIT  shift, and go to state 4
    LSQB       shift, and go to state 5
    PLUS       shift, and go to state 6
    MINUS      shift, and go to state 7
    TILDE      shift, and go to state 9
    PYFALSE    shift, and go to state 10
    NONE       shift, and go to state 11
    PYTRUE     shift, and go to state 13
    AWAIT      shift, and go to state 16

    atom           go to state 32
    strings        go to state 33
    list           go to state 34
    sum            go to state 108
    term           go to state 40
    factor         go to state 41
    power          go to state 42
    await_primary  go to state 43
    primary        go to state 44


State 79

   65 shift_expr: shift_expr RIGHTSHIFT • sum

    FLOATLIT   shift, and go to state 1
    NAME       shift, and go to state 2
    INTLIT     shift, and go to state 3
    STRINGLIT  shift, and go to state 4
    LSQB       shift, and go to state 5
    PLUS       shift, and go to state 6
    MINUS      shift, and go to state 7
    TILDE      shift, and go to state 9
    PYFALSE    shift, and go to state 10
    NONE       shift, and go to state 11
    PYTRUE     shift, and go to state 13
    AWAIT      shift, and go to state 16

    atom           go to state 32
    strings        go to state 33
    list           go to state 34
    sum            go to state 109
    term           go to state 40
    factor         go to state 41
    power          go to state 42
    await_primary  go to state 43
    primary        go to state 44


State 80

   67 sum: sum PLUS • term

    FLOATLIT   shift, and go to state 1
    NAME       shift, and go to state 2
    INTLIT     shift, and go to state 3
    STRINGLIT  shift, and go to state 4
    LSQB       shift, and go to state 5
    PLUS       shift, and go to state 6
    MINUS      shift, and go to state 7
    TILDE      shift, and go to state 9
    PYFALSE    shift, and go to state 10
    NONE       shift, and go to state 11
    PYTRUE     shift, and go to state 13
    AWAIT      shift, and go to state 16

    atom           go to state 32
    strings        go to state 33
    list           go to state 34
    term           go to state 110
    factor         go to state 41
    power          go to state 42
    await_primary  go to state 43
    primary        go to state 44


State 81

   68 sum: sum MINUS • term

    FLOATLIT   shift, and go to state 1
    NAME       shift, and go to state 2
    INTLIT     shift, and go to state 3
    STRINGLIT  shift, and go to state 4
    LSQB       shift, and go to state 5
    PLUS       shift, and go to state 6
    MINUS      shift, and go to state 7
    TILDE      shift, and go to state 9
    PYFALSE    shift, and go to state 10
    NONE       shift, and go to state 11
    PYTRUE     shift, and go to state 13
    AWAIT      shift, and go to state 16

    atom           go to state 32
    strings        go to state 33
    list           go to state 34
    term           go to state 111
    factor         go to state 41
    power          go to state 42
    await_primary  go to state 43
    primary        go to state 44


State 82

   70 term: term STAR • factor

    FLOATLIT   shift, and go to state 1
    NAME       shift, and go to state 2
    INTLIT     shift, and go to state 3
    STRINGLIT  shift, and go to state 4
    LSQB       shift, and go to state 5
    PLUS       shift, and go to state 6
    MINUS      shift, and go to state 7
    TILDE      shift, and go to state 9
    PYFALSE    shift, and go to state 10
    NONE       shift, and go to state 11
    PYTRUE     shift, and go to state 13
    AWAIT      shift, and go to state 16

    atom           go to state 32
    strings        go to state 33
    list           go to state 34
    factor         go to state 112
    power          go to state 42
    await_primary  go to state 43
    primary        go to state 44


State 83

   71 term: term SLASH • factor

    FLOATLIT   shift, and go to state 1
    NAME       shift, and go to state 2
    INTLIT     shift, and go to state 3
    STRINGLIT  shift, and go to state 4
    LSQB       shift, and go to state 5
    PLUS       shift, and go to state 6
    MINUS      shift, and go to state 7
    TILDE      shift, and go to state 9
    PYFALSE    shift, and go to state 10
    NONE       shift, and go to state 11
    PYTRUE     shift, and go to state 13
    AWAIT      shift, and go to state 16

    atom           go to state 32
    strings        go to state 33
    list           go to state 34
    factor         go to state 113
    power          go to state 42
    await_primary  go to state 43
    primary        go to state 44


State 84

   73 term: term PERCENT • factor

    FLOATLIT   shift, and go to state 1
    NAME       shift, and go to state 2
    INTLIT     shift, and go to state 3
    STRINGLIT  shift, and go to state 4
    LSQB       shift, and go to state 5
    PLUS       shift, and go to state 6
    MINUS      shift, and go to state 7
    TILDE      shift, and go to state 9
    PYFALSE    shift, and go to state 10
    NONE       shift, and go to state 11
    PYTRUE     shift, and go to state 13
    AWAIT      shift, and go to state 16

    atom           go to state 32
    strings        go to state 33
    list           go to state 34
    factor         go to state 114
    power          go to state 42
    await_primary  go to state 43
    primary        go to state 44


State 85

   72 term: term DOUBLESLASH • factor

    FLOATLIT   shift, and go to state 1
    NAME       shift, and go to state 2
    INTLIT     shift, and go to state 3
    STRINGLIT  shift, and go to state 4
    LSQB       shift, and go to state 5
    PLUS       shift, and go to state 6
    MINUS      shift, and go to state 7
    TILDE      shift, and go to state 9
    PYFALSE    shift, and go to state 10
    NONE       shift, and go to state 11
    PYTRUE     shift, and go to state 13
    AWAIT      shift, and go to state 16

    atom           go to state 32
    strings        go to state 33
    list           go to state 34
    factor         go to state 115
    power          go to state 42
    await_primary  go to state 43
    primary        go to state 44


State 86

   74 term: term AT • factor

    FLOATLIT   shift, and go to state 1
    NAME       shift, and go to state 2
    INTLIT     shift, and go to state 3
    STRINGLIT  shift, and go to state 4
    LSQB       shift, and go to state 5
    PLUS       shift, and go to state 6
    MINUS      shift, and go to state 7
    TILDE      shift, and go to state 9
    PYFALSE    shift, and go to state 10
    NONE       shift, and go to state 11
    PYTRUE     shift, and go to state 13
    AWAIT      shift, and go to state 16

    atom           go to state 32
    strings        go to state 33
    list           go to state 34
    factor         go to state 116
    power          go to state 42
    await_primary  go to state 43
    primary        go to state 44


State 87

   80 power: await_primary DOUBLESTAR • factor

    FLOATLIT   shift, and go to state 1
    NAME       shift, and go to state 2
    INTLIT     shift, and go to state 3
    STRINGLIT  shift, and go to state 4
    LSQB       shift, and go to state 5
    PLUS       shift, and go to state 6
    MINUS      shift, and go to state 7
    TILDE      shift, and go to state 9
    PYFALSE    shift, and go to state 10
    NONE       shift, and go to state 11
    PYTRUE     shift, and go to state 13
    AWAIT      shift, and go to state 16

    atom           go to state 32
    strings        go to state 33
    list           go to state 34
    factor         go to state 117
    power          go to state 42
    await_primary  go to state 43
    primary        go to state 44


State 88

   84 primary: primary DOT • NAME

    NAME  shift, and go to state 118


State 89

   56 star_named_expression: STAR bitwise_or •
   58 bitwise_or: bitwise_or • VBAR bitwise_xor

    VBAR  shift, and go to state 75

    $default  reduce using rule 56 (star_named_expression)


State 90

   48 list: LSQB star_named_expressions_opt RSQB •

    $default  reduce using rule 48 (list)


State 91

   53 star_named_expressions: star_named_expression comma_sne_rep • comma_opt
   55 comma_sne_rep: comma_sne_rep • COMMA star_named_expression

    COMMA  shift, and go to state 119

    $default  reduce using rule 51 (comma_opt)

    comma_opt  go to state 120


State 92

   86 lambdef: LAMBDA lambda_params_opt COLON • expression

    FLOATLIT   shift, and go to state 1
    NAME       shift, and go to state 2
    INTLIT     shift, and go to state 3
    STRINGLIT  shift, and go to state 4
    LSQB       shift, and go to state 5
    PLUS       shift, and go to state 6
    MINUS      shift, and go to state 7
    TILDE      shift, and go to state 9
    PYFALSE    shift, and go to state 10
    NONE       shift, and go to state 11
    PYTRUE     shift, and go to state 13
    LAMBDA     shift, and go to state 14
    NOT        shift, and go to state 15
    AWAIT      shift, and go to state 16

    expression     go to state 121
    disjunction    go to state 28
    conjunction    go to state 29
    inversion      go to state 30
    comparison     go to state 31
    atom           go to state 32
    strings        go to state 33
    list           go to state 34
    bitwise_or     go to state 35
    bitwise_xor    go to state 36
    bitwise_and    go to state 37
    shift_expr     go to state 38
    sum            go to state 39
    term           go to state 40
    factor         go to state 41
    power          go to state 42
    await_primary  go to state 43
    primary        go to state 44
    lambdef        go to state 45


State 93

   52 comma_opt: COMMA •
   90 lambda_params: lambda_params COMMA • NAME

    NAME  shift, and go to state 122

    $default  reduce using rule 52 (comma_opt)


State 94

   88 lambda_params_opt: lambda_params comma_opt •

    $default  reduce using rule 88 (lambda_params_opt)


State 95

   11 semi_simple_stmts_rep: semi_simple_stmts_rep SEMI simple_stmt •

    $default  reduce using rule 11 (semi_simple_stmts_rep)


State 96

    7 simple_stmts: semi_simple_stmts_rep semi_opt NEWLINE •

    $default  reduce using rule 7 (simple_stmts)


State 97

   20 comma_star_expr_rep: COMMA star_expression •

    $default  reduce using rule 20 (comma_star_expr_rep)


State 98

   21 comma_star_expr_rep: comma_star_expr_rep COMMA • star_expression
   52 comma_opt: COMMA •

    FLOATLIT   shift, and go to state 1
    NAME       shift, and go to state 2
    INTLIT     shift, and go to state 3
    STRINGLIT  shift, and go to state 4
    LSQB       shift, and go to state 5
    PLUS       shift, and go to state 6
    MINUS      shift, and go to state 7
    STAR       shift, and go to state 8
    TILDE      shift, and go to state 9
    PYFALSE    shift, and go to state 10
    NONE       shift, and go to state 11
    PYTRUE     shift, and go to state 13
    LAMBDA     shift, and go to state 14
    NOT        shift, and go to state 15
    AWAIT      shift, and go to state 16

    $default  reduce using rule 52 (comma_opt)

    star_expression  go to state 123
    expression       go to state 27
    disjunction      go to state 28
    conjunction      go to state 29
    inversion        go to state 30
    comparison       go to state 31
    atom             go to state 32
    strings          go to state 33
    list             go to state 34
    bitwise_or       go to state 35
    bitwise_xor      go to state 36
    bitwise_and      go to state 37
    shift_expr       go to state 38
    sum              go to state 39
    term             go to state 40
    factor           go to state 41
    power            go to state 42
    await_primary    go to state 43
    primary          go to state 44
    lambdef          go to state 45


State 99

   17 star_expressions: star_expression comma_star_expr_rep comma_opt •

    $default  reduce using rule 17 (star_expressions)


State 100

   24 expression: disjunction IF disjunction • ELSE expression

    ELSE  shift, and go to state 124


State 101

   29 or_conjunction_rep: OR conjunction •

    $default  reduce using rule 29 (or_conjunction_rep)


State 102

   30 or_conjunction_rep: or_conjunction_rep OR • conjunction

    FLOATLIT   shift, and go to state 1
    NAME       shift, and go to state 2
    INTLIT     shift, and go to state 3
    STRINGLIT  shift, and go to state 4
    LSQB       shift, and go to state 5
    PLUS       shift, and go to state 6
    MINUS      shift, and go to state 7
    TILDE      shift, and go to state 9
    PYFALSE    shift, and go to state 10
    NONE       shift, and go to state 11
    PYTRUE     shift, and go to state 13
    NOT        shift, and go to state 15
    AWAIT      shift, and go to state 16

    conjunction    go to state 125
    inversion      go to state 30
    comparison     go to state 31
    atom           go to state 32
    strings        go to state 33
    list           go to state 34
    bitwise_or     go to state 35
    bitwise_xor    go to state 36
    bitwise_and    go to state 37
    shift_expr     go to state 38
    sum            go to state 39
    term           go to state 40
    factor         go to state 41
    power          go to state 42
    await_primary  go to state 43
    primary        go to state 44


State 103

   33 and_inversion_rep: AND inversion •

    $default  reduce using rule 33 (and_inversion_rep)


State 104

   34 and_inversion_rep: and_inversion_rep AND • inversion

    FLOATLIT   shift, and go to state 1
    NAME       shift, and go to state 2
    INTLIT     shift, and go to state 3
    STRINGLIT  shift, and go to state 4
    LSQB       shift, and go to state 5
    PLUS       shift, and go to state 6
    MINUS      shift, and go to state 7
    TILDE      shift, and go to state 9
    PYFALSE    shift, and go to state 10
    NONE       shift, and go to state 11
    PYTRUE     shift, and go to state 13
    NOT        shift, and go to state 15
    AWAIT      shift, and go to state 16

    inversion      go to state 126
    comparison     go to state 31
    atom           go to state 32
    strings        go to state 33
    list           go to state 34
    bitwise_or     go to state 35
    bitwise_xor    go to state 36
    bitwise_and    go to state 37
    shift_expr     go to state 38
    sum            go to state 39
    term           go to state 40
    factor         go to state 41
    power          go to state 42
    await_primary  go to state 43
    primary        go to state 44


State 105

   58 bitwise_or: bitwise_or VBAR bitwise_xor •
   60 bitwise_xor: bitwise_xor • CIRCUMFLEX bitwise_and

    CIRCUMFLEX  shift, and go to state 76

    $default  reduce using rule 58 (bitwise_or)


State 106

   60 bitwise_xor: bitwise_xor CIRCUMFLEX bitwise_and •
   62 bitwise_and: bitwise_and • AMPER shift_expr

    AMPER  shift, and go to state 77

    $default  reduce using rule 60 (bitwise_xor)


State 107

   62 bitwise_and: bitwise_and AMPER shift_expr •
   64 shift_expr: shift_expr • LEFTSHIFT sum
   65           | shift_expr • RIGHTSHIFT sum

    LEFTSHIFT   shift, and go to state 78
    RIGHTSHIFT  shift, and go to state 79

    $default  reduce using rule 62 (bitwise_and)


State 108

   64 shift_expr: shift_expr LEFTSHIFT sum •
   67 sum: sum • PLUS term
   68    | sum • MINUS term

    PLUS   shift, and go to state 80
    MINUS  shift, and go to state 81

    $default  reduce using rule 64 (shift_expr)


State 109

   65 shift_expr: shift_expr RIGHTSHIFT sum •
   67 sum: sum • PLUS term
   68    | sum • MINUS term

    PLUS   shift, and go to state 80
    MINUS  shift, and go to state 81

    $default  reduce using rule 65 (shift_expr)


State 110

   67 sum: sum PLUS term •
   70 term: term • STAR factor
   71     | term • SLASH factor
   72     | term • DOUBLESLASH factor
   73     | term • PERCENT factor
   74     | term • AT factor

    STAR         shift, and go to state 82
    SLASH        shift, and go to state 83
    PERCENT      shift, and go to state 84
    DOUBLESLASH  shift, and go to state 85
    AT           shift, and go to state 86

    $default  reduce using rule 67 (sum)


State 111

   68 sum: sum MINUS term •
   70 term: term • STAR factor
   71     | term • SLASH factor
   72     | term • DOUBLESLASH factor
   73     | term • PERCENT factor
   74     | term • AT factor

    STAR         shift, and go to state 82
    SLASH        shift, and go to state 83
    PERCENT      shift, and go to state 84
    DOUBLESLASH  shift, and go to state 85
    AT           shift, and go to state 86

    $default  reduce using rule 68 (sum)


State 112

   70 term: term STAR factor •

    $default  reduce using rule 70 (term)


State 113

   71 term: term SLASH factor •

    $default  reduce using rule 71 (term)


State 114

   73 term: term PERCENT factor •

    $default  reduce using rule 73 (term)


State 115

   72 term: term DOUBLESLASH factor •

    $default  reduce using rule 72 (term)


State 116

   74 term: term AT factor •

    $default  reduce using rule 74 (term)


State 117

   80 power: await_primary DOUBLESTAR factor •

    $default  reduce using rule 80 (power)


State 118

   84 primary: primary DOT NAME •

    $default  reduce using rule 84 (primary)


State 119

   52 comma_opt: COMMA •
   55 comma_sne_rep: comma_sne_rep COMMA • star_named_expression

    FLOATLIT   shift, and go to state 1
    NAME       shift, and go to state 2
    INTLIT     shift, and go to state 3
    STRINGLIT  shift, and go to state 4
    LSQB       shift, and go to state 5
    PLUS       shift, and go to state 6
    MINUS      shift, and go to state 7
    STAR       shift, and go to state 46
    TILDE      shift, and go to state 9
    PYFALSE    shift, and go to state 10
    NONE       shift, and go to state 11
    PYTRUE     shift, and go to state 13
    LAMBDA     shift, and go to state 14
    NOT        shift, and go to state 15
    AWAIT      shift, and go to state 16

    $default  reduce using rule 52 (comma_opt)

    expression             go to state 47
    disjunction            go to state 28
    conjunction            go to state 29
    inversion              go to state 30
    comparison             go to state 31
    atom                   go to state 32
    strings                go to state 33
    list                   go to state 34
    star_named_expression  go to state 127
    bitwise_or             go to state 35
    bitwise_xor            go to state 36
    bitwise_and            go to state 37
    shift_expr             go to state 38
    sum                    go to state 39
    term                   go to state 40
    factor                 go to state 41
    power                  go to state 42
    await_primary          go to state 43
    primary                go to state 44
    lambdef                go to state 45


State 120

   53 star_named_expressions: star_named_expression comma_sne_rep comma_opt •

    $default  reduce using rule 53 (star_named_expressions)


State 121

   86 lambdef: LAMBDA lambda_params_opt COLON expression •

    $default  reduce using rule 86 (lambdef)


State 122

   90 lambda_params: lambda_params COMMA NAME •

    $default  reduce using rule 90 (lambda_params)


State 123

   21 comma_star_expr_rep: comma_star_expr_rep COMMA star_expression •

    $default  reduce using rule 21 (comma_star_expr_rep)


State 124

   24 expression: disjunction IF disjunction ELSE • expression

    FLOATLIT   shift, and go to state 1
    NAME       shift, and go to state 2
    INTLIT     shift, and go to state 3
    STRINGLIT  shift, and go to state 4
    LSQB       shift, and go to state 5
    PLUS       shift, and go to state 6
    MINUS      shift, and go to state 7
    TILDE      shift, and go to state 9
    PYFALSE    shift, and go to state 10
    NONE       shift, and go to state 11
    PYTRUE     shift, and go to state 13
    LAMBDA     shift, and go to state 14
    NOT        shift, and go to state 15
    AWAIT      shift, and go to state 16

    expression     go to state 128
    disjunction    go to state 28
    conjunction    go to state 29
    inversion      go to state 30
    comparison     go to state 31
    atom           go to state 32
    strings        go to state 33
    list           go to state 34
    bitwise_or     go to state 35
    bitwise_xor    go to state 36
    bitwise_and    go to state 37
    shift_expr     go to state 38
    sum            go to state 39
    term           go to state 40
    factor         go to state 41
    power          go to state 42
    await_primary  go to state 43
    primary        go to state 44
    lambdef        go to state 45


State 125

   30 or_conjunction_rep: or_conjunction_rep OR conjunction •

    $default  reduce using rule 30 (or_conjunction_rep)


State 126

   34 and_inversion_rep: and_inversion_rep AND inversion •

    $default  reduce using rule 34 (and_inversion_rep)


State 127

   55 comma_sne_rep: comma_sne_rep COMMA star_named_expression •

    $default  reduce using rule 55 (comma_sne_rep)


State 128

   24 expression: disjunction IF disjunction ELSE expression •

    $default  reduce using rule 24 (expression)
