==40818== Memcheck, a memory error detector
==40818== Copyright (C) 2002-2017, and GNU GPL'd, by Julian Seward et al.
==40818== Using Valgrind-3.15.0 and LibVEX; rerun with -h for copyright info
==40818== Command: ./puny test.py
==40818== 
==40818== 
==40818== HEAP SUMMARY:
==40818==     in use at exit: 321,119 bytes in 2,168 blocks
==40818==   total heap usage: 2,237 allocs, 69 frees, 559,130 bytes allocated
==40818== 
==40818== LEAK SUMMARY:
==40818==    definitely lost: 14,896 bytes in 347 blocks
==40818==    indirectly lost: 186,076 bytes in 952 blocks
==40818==      possibly lost: 0 bytes in 0 blocks
==40818==    still reachable: 120,147 bytes in 869 blocks
==40818==         suppressed: 0 bytes in 0 blocks
==40818== Rerun with --leak-check=full to see details of leaked memory
==40818== 
==40818== For lists of detected and suppressed errors, rerun with: -s
==40818== ERROR SUMMARY: 0 errors from 0 contexts (suppressed: 0 from 0)
